<?xml version="1.0" encoding="UTF-8"?>
<testsuite name="com.finance.future.FutureApplicationTests" tests="1" skipped="0" failures="0" errors="0" timestamp="2024-03-09T21:59:09" hostname="PRIYANSHUKHARE" time="1.019">
  <properties/>
  <testcase name="contextLoads()" classname="com.finance.future.FutureApplicationTests" time="1.019"/>
  <system-out><![CDATA[03:29:07.127 [Test worker] DEBUG org.springframework.test.context.BootstrapUtils - Instantiating CacheAwareContextLoaderDelegate from class [org.springframework.test.context.cache.DefaultCacheAwareContextLoaderDelegate]
03:29:07.143 [Test worker] DEBUG org.springframework.test.context.BootstrapUtils - Instantiating BootstrapContext using constructor [public org.springframework.test.context.support.DefaultBootstrapContext(java.lang.Class,org.springframework.test.context.CacheAwareContextLoaderDelegate)]
03:29:07.221 [Test worker] DEBUG org.springframework.test.context.BootstrapUtils - Instantiating TestContextBootstrapper for test class [com.finance.future.FutureApplicationTests] from class [org.springframework.boot.test.context.SpringBootTestContextBootstrapper]
03:29:07.252 [Test worker] INFO org.springframework.boot.test.context.SpringBootTestContextBootstrapper - Neither @ContextConfiguration nor @ContextHierarchy found for test class [com.finance.future.FutureApplicationTests], using SpringBootContextLoader
03:29:07.268 [Test worker] DEBUG org.springframework.test.context.support.AbstractContextLoader - Did not detect default resource location for test class [com.finance.future.FutureApplicationTests]: class path resource [com/finance/future/FutureApplicationTests-context.xml] does not exist
03:29:07.268 [Test worker] DEBUG org.springframework.test.context.support.AbstractContextLoader - Did not detect default resource location for test class [com.finance.future.FutureApplicationTests]: class path resource [com/finance/future/FutureApplicationTestsContext.groovy] does not exist
03:29:07.268 [Test worker] INFO org.springframework.test.context.support.AbstractContextLoader - Could not detect default resource locations for test class [com.finance.future.FutureApplicationTests]: no resource found for suffixes {-context.xml, Context.groovy}.
03:29:07.268 [Test worker] INFO org.springframework.test.context.support.AnnotationConfigContextLoaderUtils - Could not detect default configuration classes for test class [com.finance.future.FutureApplicationTests]: FutureApplicationTests does not declare any static, non-private, non-final, nested classes annotated with @Configuration.
03:29:07.377 [Test worker] DEBUG org.springframework.test.context.support.ActiveProfilesUtils - Could not find an 'annotation declaring class' for annotation type [org.springframework.test.context.ActiveProfiles] and class [com.finance.future.FutureApplicationTests]
03:29:07.518 [Test worker] DEBUG org.springframework.context.annotation.ClassPathScanningCandidateComponentProvider - Identified candidate component class: file [C:\Users\priyanshukhare\Desktop\app\future\build\classes\java\main\com\finance\future\FutureApplication.class]
03:29:07.518 [Test worker] INFO org.springframework.boot.test.context.SpringBootTestContextBootstrapper - Found @SpringBootConfiguration com.finance.future.FutureApplication for test class com.finance.future.FutureApplicationTests
03:29:07.784 [Test worker] DEBUG org.springframework.boot.test.context.SpringBootTestContextBootstrapper - @TestExecutionListeners is not present for class [com.finance.future.FutureApplicationTests]: using defaults.
03:29:07.784 [Test worker] INFO org.springframework.boot.test.context.SpringBootTestContextBootstrapper - Loaded default TestExecutionListener class names from location [META-INF/spring.factories]: [org.springframework.boot.test.autoconfigure.restdocs.RestDocsTestExecutionListener, org.springframework.boot.test.autoconfigure.web.client.MockRestServiceServerResetTestExecutionListener, org.springframework.boot.test.autoconfigure.web.servlet.MockMvcPrintOnlyOnFailureTestExecutionListener, org.springframework.boot.test.autoconfigure.web.servlet.WebDriverTestExecutionListener, org.springframework.boot.test.autoconfigure.webservices.client.MockWebServiceServerTestExecutionListener, org.springframework.boot.test.mock.mockito.MockitoTestExecutionListener, org.springframework.boot.test.mock.mockito.ResetMocksTestExecutionListener, org.springframework.test.context.web.ServletTestExecutionListener, org.springframework.test.context.support.DirtiesContextBeforeModesTestExecutionListener, org.springframework.test.context.event.ApplicationEventsTestExecutionListener, org.springframework.test.context.support.DependencyInjectionTestExecutionListener, org.springframework.test.context.support.DirtiesContextTestExecutionListener, org.springframework.test.context.transaction.TransactionalTestExecutionListener, org.springframework.test.context.jdbc.SqlScriptsTestExecutionListener, org.springframework.test.context.event.EventPublishingTestExecutionListener]
03:29:07.799 [Test worker] DEBUG org.springframework.boot.test.context.SpringBootTestContextBootstrapper - Skipping candidate TestExecutionListener [org.springframework.test.context.web.ServletTestExecutionListener] due to a missing dependency. Specify custom listener classes or make the default listener classes and their required dependencies available. Offending class: [javax/servlet/ServletContext]
03:29:07.799 [Test worker] DEBUG org.springframework.boot.test.context.SpringBootTestContextBootstrapper - Skipping candidate TestExecutionListener [org.springframework.test.context.transaction.TransactionalTestExecutionListener] due to a missing dependency. Specify custom listener classes or make the default listener classes and their required dependencies available. Offending class: [org/springframework/transaction/interceptor/TransactionAttributeSource]
03:29:07.799 [Test worker] DEBUG org.springframework.boot.test.context.SpringBootTestContextBootstrapper - Skipping candidate TestExecutionListener [org.springframework.test.context.jdbc.SqlScriptsTestExecutionListener] due to a missing dependency. Specify custom listener classes or make the default listener classes and their required dependencies available. Offending class: [org/springframework/transaction/interceptor/TransactionAttribute]
03:29:07.799 [Test worker] INFO org.springframework.boot.test.context.SpringBootTestContextBootstrapper - Using TestExecutionListeners: [org.springframework.test.context.support.DirtiesContextBeforeModesTestExecutionListener@51650883, org.springframework.test.context.event.ApplicationEventsTestExecutionListener@6c4f9535, org.springframework.boot.test.mock.mockito.MockitoTestExecutionListener@5bd1ceca, org.springframework.boot.test.autoconfigure.SpringBootDependencyInjectionTestExecutionListener@30c31dd7, org.springframework.test.context.support.DirtiesContextTestExecutionListener@499b2a5c, org.springframework.test.context.event.EventPublishingTestExecutionListener@596df867, org.springframework.boot.test.autoconfigure.restdocs.RestDocsTestExecutionListener@c1fca1e, org.springframework.boot.test.autoconfigure.web.client.MockRestServiceServerResetTestExecutionListener@241a53ef, org.springframework.boot.test.autoconfigure.web.servlet.MockMvcPrintOnlyOnFailureTestExecutionListener@344344fa, org.springframework.boot.test.autoconfigure.web.servlet.WebDriverTestExecutionListener@2db2cd5, org.springframework.boot.test.autoconfigure.webservices.client.MockWebServiceServerTestExecutionListener@70e659aa, org.springframework.boot.test.mock.mockito.ResetMocksTestExecutionListener@615f972]
03:29:07.815 [Test worker] DEBUG org.springframework.test.context.support.AbstractDirtiesContextTestExecutionListener - Before test class: context [DefaultTestContext@600b0b7 testClass = FutureApplicationTests, testInstance = [null], testMethod = [null], testException = [null], mergedContextConfiguration = [MergedContextConfiguration@345e5a17 testClass = FutureApplicationTests, locations = '{}', classes = '{class com.finance.future.FutureApplication}', contextInitializerClasses = '[]', activeProfiles = '{}', propertySourceLocations = '{}', propertySourceProperties = '{org.springframework.boot.test.context.SpringBootTestContextBootstrapper=true}', contextCustomizers = set[org.springframework.boot.test.autoconfigure.actuate.metrics.MetricsExportContextCustomizerFactory$DisableMetricExportContextCustomizer@75b25825, org.springframework.boot.test.autoconfigure.properties.PropertyMappingContextCustomizer@0, org.springframework.boot.test.autoconfigure.web.servlet.WebDriverContextCustomizerFactory$Customizer@36f48b4, org.springframework.boot.test.context.filter.ExcludeFilterContextCustomizer@3f792b9b, org.springframework.boot.test.json.DuplicateJsonObjectContextCustomizerFactory$DuplicateJsonObjectContextCustomizer@1af146, org.springframework.boot.test.mock.mockito.MockitoContextCustomizer@0, org.springframework.boot.test.web.client.TestRestTemplateContextCustomizer@674658f7, org.springframework.boot.test.context.SpringBootTestArgs@1, org.springframework.boot.test.context.SpringBootTestWebEnvironment@536dbea0], contextLoader = 'org.springframework.boot.test.context.SpringBootContextLoader', parent = [null]], attributes = map[[empty]]], class annotated with @DirtiesContext [false] with mode [null].
03:29:07.846 [Test worker] DEBUG org.springframework.test.context.support.DependencyInjectionTestExecutionListener - Performing dependency injection for test context [[DefaultTestContext@600b0b7 testClass = FutureApplicationTests, testInstance = com.finance.future.FutureApplicationTests@2575f671, testMethod = [null], testException = [null], mergedContextConfiguration = [MergedContextConfiguration@345e5a17 testClass = FutureApplicationTests, locations = '{}', classes = '{class com.finance.future.FutureApplication}', contextInitializerClasses = '[]', activeProfiles = '{}', propertySourceLocations = '{}', propertySourceProperties = '{org.springframework.boot.test.context.SpringBootTestContextBootstrapper=true}', contextCustomizers = set[org.springframework.boot.test.autoconfigure.actuate.metrics.MetricsExportContextCustomizerFactory$DisableMetricExportContextCustomizer@75b25825, org.springframework.boot.test.autoconfigure.properties.PropertyMappingContextCustomizer@0, org.springframework.boot.test.autoconfigure.web.servlet.WebDriverContextCustomizerFactory$Customizer@36f48b4, org.springframework.boot.test.context.filter.ExcludeFilterContextCustomizer@3f792b9b, org.springframework.boot.test.json.DuplicateJsonObjectContextCustomizerFactory$DuplicateJsonObjectContextCustomizer@1af146, org.springframework.boot.test.mock.mockito.MockitoContextCustomizer@0, org.springframework.boot.test.web.client.TestRestTemplateContextCustomizer@674658f7, org.springframework.boot.test.context.SpringBootTestArgs@1, org.springframework.boot.test.context.SpringBootTestWebEnvironment@536dbea0], contextLoader = 'org.springframework.boot.test.context.SpringBootContextLoader', parent = [null]], attributes = map['org.springframework.test.context.event.ApplicationEventsTestExecutionListener.recordApplicationEvents' -> false]]].

  .   ____          _            __ _ _
 /\\ / ___'_ __ _ _(_)_ __  __ _ \ \ \ \
( ( )\___ | '_ | '_| | '_ \/ _` | \ \ \ \
 \\/  ___)| |_)| | | | | || (_| |  ) ) ) )
  '  |____| .__|_| |_|_| |_\__, | / / / /
 =========|_|==============|___/=/_/_/_/
 :: Spring Boot ::               (v2.7.18)

2024-03-10 03:29:08.643  INFO 15280 --- [    Test worker] c.finance.future.FutureApplicationTests  : Starting FutureApplicationTests using Java 11.0.5 on priyanshukhare with PID 15280 (started by priyanshukhare in C:\Users\priyanshukhare\Desktop\app\future)
2024-03-10 03:29:08.643  INFO 15280 --- [    Test worker] c.finance.future.FutureApplicationTests  : No active profile set, falling back to 1 default profile: "default"
2024-03-10 03:29:09.973  INFO 15280 --- [    Test worker] c.finance.future.FutureApplicationTests  : Started FutureApplicationTests in 2.082 seconds (JVM running for 5.978)
]]></system-out>
  <system-err><![CDATA[]]></system-err>
</testsuite>
