<?xml version="1.0" encoding="UTF-8"?>
<testsuite name="com.finance.future.FutureApplicationTests" tests="1" skipped="0" failures="0" errors="0" timestamp="2024-03-10T16:30:12" hostname="Ashishs-MacBook-Pro.local" time="0.184">
  <properties/>
  <testcase name="contextLoads()" classname="com.finance.future.FutureApplicationTests" time="0.184"/>
  <system-out><![CDATA[22:00:11.723 [Test worker] DEBUG org.springframework.test.context.BootstrapUtils - Instantiating CacheAwareContextLoaderDelegate from class [org.springframework.test.context.cache.DefaultCacheAwareContextLoaderDelegate]
22:00:11.727 [Test worker] DEBUG org.springframework.test.context.BootstrapUtils - Instantiating BootstrapContext using constructor [public org.springframework.test.context.support.DefaultBootstrapContext(java.lang.Class,org.springframework.test.context.CacheAwareContextLoaderDelegate)]
22:00:11.738 [Test worker] DEBUG org.springframework.test.context.BootstrapUtils - Instantiating TestContextBootstrapper for test class [com.finance.future.FutureApplicationTests] from class [org.springframework.boot.test.context.SpringBootTestContextBootstrapper]
22:00:11.742 [Test worker] INFO org.springframework.boot.test.context.SpringBootTestContextBootstrapper - Neither @ContextConfiguration nor @ContextHierarchy found for test class [com.finance.future.FutureApplicationTests], using SpringBootContextLoader
22:00:11.744 [Test worker] DEBUG org.springframework.test.context.support.AbstractContextLoader - Did not detect default resource location for test class [com.finance.future.FutureApplicationTests]: class path resource [com/finance/future/FutureApplicationTests-context.xml] does not exist
22:00:11.744 [Test worker] DEBUG org.springframework.test.context.support.AbstractContextLoader - Did not detect default resource location for test class [com.finance.future.FutureApplicationTests]: class path resource [com/finance/future/FutureApplicationTestsContext.groovy] does not exist
22:00:11.744 [Test worker] INFO org.springframework.test.context.support.AbstractContextLoader - Could not detect default resource locations for test class [com.finance.future.FutureApplicationTests]: no resource found for suffixes {-context.xml, Context.groovy}.
22:00:11.744 [Test worker] INFO org.springframework.test.context.support.AnnotationConfigContextLoaderUtils - Could not detect default configuration classes for test class [com.finance.future.FutureApplicationTests]: FutureApplicationTests does not declare any static, non-private, non-final, nested classes annotated with @Configuration.
22:00:11.763 [Test worker] DEBUG org.springframework.test.context.support.ActiveProfilesUtils - Could not find an 'annotation declaring class' for annotation type [org.springframework.test.context.ActiveProfiles] and class [com.finance.future.FutureApplicationTests]
22:00:11.789 [Test worker] DEBUG org.springframework.context.annotation.ClassPathScanningCandidateComponentProvider - Identified candidate component class: file [/Users/ashishpandey/Documents/future/build/classes/java/main/com/finance/future/FutureApplication.class]
22:00:11.789 [Test worker] INFO org.springframework.boot.test.context.SpringBootTestContextBootstrapper - Found @SpringBootConfiguration com.finance.future.FutureApplication for test class com.finance.future.FutureApplicationTests
22:00:11.818 [Test worker] DEBUG org.springframework.boot.test.context.SpringBootTestContextBootstrapper - @TestExecutionListeners is not present for class [com.finance.future.FutureApplicationTests]: using defaults.
22:00:11.818 [Test worker] INFO org.springframework.boot.test.context.SpringBootTestContextBootstrapper - Loaded default TestExecutionListener class names from location [META-INF/spring.factories]: [org.springframework.boot.test.autoconfigure.restdocs.RestDocsTestExecutionListener, org.springframework.boot.test.autoconfigure.web.client.MockRestServiceServerResetTestExecutionListener, org.springframework.boot.test.autoconfigure.web.servlet.MockMvcPrintOnlyOnFailureTestExecutionListener, org.springframework.boot.test.autoconfigure.web.servlet.WebDriverTestExecutionListener, org.springframework.boot.test.autoconfigure.webservices.client.MockWebServiceServerTestExecutionListener, org.springframework.boot.test.mock.mockito.MockitoTestExecutionListener, org.springframework.boot.test.mock.mockito.ResetMocksTestExecutionListener, org.springframework.test.context.web.ServletTestExecutionListener, org.springframework.test.context.support.DirtiesContextBeforeModesTestExecutionListener, org.springframework.test.context.event.ApplicationEventsTestExecutionListener, org.springframework.test.context.support.DependencyInjectionTestExecutionListener, org.springframework.test.context.support.DirtiesContextTestExecutionListener, org.springframework.test.context.transaction.TransactionalTestExecutionListener, org.springframework.test.context.jdbc.SqlScriptsTestExecutionListener, org.springframework.test.context.event.EventPublishingTestExecutionListener]
22:00:11.822 [Test worker] DEBUG org.springframework.boot.test.context.SpringBootTestContextBootstrapper - Skipping candidate TestExecutionListener [org.springframework.test.context.web.ServletTestExecutionListener] due to a missing dependency. Specify custom listener classes or make the default listener classes and their required dependencies available. Offending class: [javax/servlet/ServletContext]
22:00:11.823 [Test worker] DEBUG org.springframework.boot.test.context.SpringBootTestContextBootstrapper - Skipping candidate TestExecutionListener [org.springframework.test.context.transaction.TransactionalTestExecutionListener] due to a missing dependency. Specify custom listener classes or make the default listener classes and their required dependencies available. Offending class: [org/springframework/transaction/interceptor/TransactionAttributeSource]
22:00:11.823 [Test worker] DEBUG org.springframework.boot.test.context.SpringBootTestContextBootstrapper - Skipping candidate TestExecutionListener [org.springframework.test.context.jdbc.SqlScriptsTestExecutionListener] due to a missing dependency. Specify custom listener classes or make the default listener classes and their required dependencies available. Offending class: [org/springframework/transaction/interceptor/TransactionAttribute]
22:00:11.823 [Test worker] INFO org.springframework.boot.test.context.SpringBootTestContextBootstrapper - Using TestExecutionListeners: [org.springframework.test.context.support.DirtiesContextBeforeModesTestExecutionListener@1af146, org.springframework.test.context.event.ApplicationEventsTestExecutionListener@4da602fc, org.springframework.boot.test.mock.mockito.MockitoTestExecutionListener@2a8d39c4, org.springframework.boot.test.autoconfigure.SpringBootDependencyInjectionTestExecutionListener@25b2cfcb, org.springframework.test.context.support.DirtiesContextTestExecutionListener@72758afa, org.springframework.test.context.event.EventPublishingTestExecutionListener@fb9c7aa, org.springframework.boot.test.autoconfigure.restdocs.RestDocsTestExecutionListener@4c398c80, org.springframework.boot.test.autoconfigure.web.client.MockRestServiceServerResetTestExecutionListener@7fc6de5b, org.springframework.boot.test.autoconfigure.web.servlet.MockMvcPrintOnlyOnFailureTestExecutionListener@21baa903, org.springframework.boot.test.autoconfigure.web.servlet.WebDriverTestExecutionListener@607fbe09, org.springframework.boot.test.autoconfigure.webservices.client.MockWebServiceServerTestExecutionListener@60a2630a, org.springframework.boot.test.mock.mockito.ResetMocksTestExecutionListener@29df4d43]
22:00:11.824 [Test worker] DEBUG org.springframework.test.context.support.AbstractDirtiesContextTestExecutionListener - Before test class: context [DefaultTestContext@20a8a64e testClass = FutureApplicationTests, testInstance = [null], testMethod = [null], testException = [null], mergedContextConfiguration = [MergedContextConfiguration@62f4ff3b testClass = FutureApplicationTests, locations = '{}', classes = '{class com.finance.future.FutureApplication}', contextInitializerClasses = '[]', activeProfiles = '{}', propertySourceLocations = '{}', propertySourceProperties = '{org.springframework.boot.test.context.SpringBootTestContextBootstrapper=true}', contextCustomizers = set[org.springframework.boot.test.autoconfigure.actuate.metrics.MetricsExportContextCustomizerFactory$DisableMetricExportContextCustomizer@7b8b43c7, org.springframework.boot.test.autoconfigure.properties.PropertyMappingContextCustomizer@0, org.springframework.boot.test.autoconfigure.web.servlet.WebDriverContextCustomizerFactory$Customizer@341814d3, org.springframework.boot.test.context.filter.ExcludeFilterContextCustomizer@119cbf96, org.springframework.boot.test.json.DuplicateJsonObjectContextCustomizerFactory$DuplicateJsonObjectContextCustomizer@455b6df1, org.springframework.boot.test.mock.mockito.MockitoContextCustomizer@0, org.springframework.boot.test.web.client.TestRestTemplateContextCustomizer@4ebff610, org.springframework.boot.test.context.SpringBootTestArgs@1, org.springframework.boot.test.context.SpringBootTestWebEnvironment@23348b5d], contextLoader = 'org.springframework.boot.test.context.SpringBootContextLoader', parent = [null]], attributes = map[[empty]]], class annotated with @DirtiesContext [false] with mode [null].
22:00:11.829 [Test worker] DEBUG org.springframework.test.context.support.DependencyInjectionTestExecutionListener - Performing dependency injection for test context [[DefaultTestContext@20a8a64e testClass = FutureApplicationTests, testInstance = com.finance.future.FutureApplicationTests@726e5805, testMethod = [null], testException = [null], mergedContextConfiguration = [MergedContextConfiguration@62f4ff3b testClass = FutureApplicationTests, locations = '{}', classes = '{class com.finance.future.FutureApplication}', contextInitializerClasses = '[]', activeProfiles = '{}', propertySourceLocations = '{}', propertySourceProperties = '{org.springframework.boot.test.context.SpringBootTestContextBootstrapper=true}', contextCustomizers = set[org.springframework.boot.test.autoconfigure.actuate.metrics.MetricsExportContextCustomizerFactory$DisableMetricExportContextCustomizer@7b8b43c7, org.springframework.boot.test.autoconfigure.properties.PropertyMappingContextCustomizer@0, org.springframework.boot.test.autoconfigure.web.servlet.WebDriverContextCustomizerFactory$Customizer@341814d3, org.springframework.boot.test.context.filter.ExcludeFilterContextCustomizer@119cbf96, org.springframework.boot.test.json.DuplicateJsonObjectContextCustomizerFactory$DuplicateJsonObjectContextCustomizer@455b6df1, org.springframework.boot.test.mock.mockito.MockitoContextCustomizer@0, org.springframework.boot.test.web.client.TestRestTemplateContextCustomizer@4ebff610, org.springframework.boot.test.context.SpringBootTestArgs@1, org.springframework.boot.test.context.SpringBootTestWebEnvironment@23348b5d], contextLoader = 'org.springframework.boot.test.context.SpringBootContextLoader', parent = [null]], attributes = map['org.springframework.test.context.event.ApplicationEventsTestExecutionListener.recordApplicationEvents' -> false]]].

  .   ____          _            __ _ _
 /\\ / ___'_ __ _ _(_)_ __  __ _ \ \ \ \
( ( )\___ | '_ | '_| | '_ \/ _` | \ \ \ \
 \\/  ___)| |_)| | | | | || (_| |  ) ) ) )
  '  |____| .__|_| |_|_| |_\__, | / / / /
 =========|_|==============|___/=/_/_/_/
 :: Spring Boot ::               (v2.7.18)

2024-03-10 22:00:11.933  INFO 10825 --- [    Test worker] c.finance.future.FutureApplicationTests  : Starting FutureApplicationTests using Java 19.0.1 on Ashishs-MacBook-Pro.local with PID 10825 (started by ashishpandey in /Users/ashishpandey/Documents/future)
2024-03-10 22:00:11.933  INFO 10825 --- [    Test worker] c.finance.future.FutureApplicationTests  : No active profile set, falling back to 1 default profile: "default"
2024-03-10 22:00:12.148  INFO 10825 --- [    Test worker] c.finance.future.FutureApplicationTests  : Started FutureApplicationTests in 0.31 seconds (JVM running for 0.789)
]]></system-out>
  <system-err><![CDATA[]]></system-err>
</testsuite>
